<?xml version="1.0" encoding="UTF-8"?>
<!-- Generated by org.testng.reporters.JUnitXMLReporter -->
<testsuite hostname="localhost" name="Test" tests="2" failures="0" timestamp="2 Feb 2016 06:24:50 GMT" time="0.042" errors="0">
  <testcase name="testSelect" time="0.0" classname="common.MySelect">
    <skipped/>
  </testcase> <!-- testSelect -->
  <testcase name="testRichText" time="0.0" classname="Action.ToolRichText">
    <skipped/>
  </testcase> <!-- testRichText -->
</testsuite> <!-- Test -->
