<?xml version="1.0" encoding="UTF-8"?>
<testng-results skipped="0" failed="0" total="1" passed="1">
  <reporter-output>
  </reporter-output>
  <suite name="Default suite" duration-ms="54716" started-at="2016-02-04T03:22:52Z" finished-at="2016-02-04T03:23:46Z">
    <groups>
    </groups>
    <test name="Default test" duration-ms="54716" started-at="2016-02-04T03:22:52Z" finished-at="2016-02-04T03:23:46Z">
      <class name="TestCase.CaseAdimin">
        <test-method status="PASS" signature="CaseAdmin_Start()[pri:0, instance:TestCase.CaseAdimin@1d3cdb70]" name="CaseAdmin_Start" duration-ms="54644" started-at="2016-02-04T11:22:52Z" finished-at="2016-02-04T11:23:46Z">
          <reporter-output>
          </reporter-output>
        </test-method> <!-- CaseAdmin_Start -->
      </class> <!-- TestCase.CaseAdimin -->
    </test> <!-- Default test -->
  </suite> <!-- Default suite -->
</testng-results>
